<?xml version="1.0" encoding="UTF-8"?>
<!-- Generated by org.testng.reporters.JUnitReportReporter -->
<testsuite hostname="DESKTOP-JLKG4VP" failures="0" tests="1" name="tests.BookAppointmentTest" time="8.011" errors="0" timestamp="2025-08-04T16:07:38 IST" skipped="0">
  <testcase classname="tests.BookAppointmentTest" name="testBookAppointmentFlow" time="8.011"/>
</testsuite> <!-- tests.BookAppointmentTest -->
