<?xml version="1.0" encoding="UTF-8"?>
<!-- Generated by org.testng.reporters.JUnitReportReporter -->
<testsuite hostname="DESKTOP-JLKG4VP" failures="0" tests="1" name="tests.InvalidLoginTest" time="6.512" errors="0" timestamp="2025-08-04T16:37:41 IST" skipped="0">
  <testcase classname="tests.InvalidLoginTest" name="testInvalidLogin" time="6.512"/>
</testsuite> <!-- tests.InvalidLoginTest -->
